<?xml version="1.0" encoding="UTF-8"?>
<testsuite name="math.shapes.TestSquare" tests="2" skipped="0" failures="0" errors="0" timestamp="2020-10-02T13:15:20" hostname="santhosh" time="0.017">
  <properties/>
  <testcase name="shouldCalculateAreaOfSquare()" classname="math.shapes.TestSquare" time="0.016"/>
  <testcase name="shouldCalculatePerimeterOfSquare()" classname="math.shapes.TestSquare" time="0.001"/>
  <system-out><![CDATA[]]></system-out>
  <system-err><![CDATA[]]></system-err>
</testsuite>
