<?xml version="1.0" encoding="UTF-8"?>
<testsuite name="measurements.TemperatureUnitsTest" tests="1" skipped="0" failures="0" errors="0" timestamp="2020-10-02T13:15:20" hostname="santhosh" time="0.001">
  <properties/>
  <testcase name="shouldConvertOneUnitToCelsius()" classname="measurements.TemperatureUnitsTest" time="0.001"/>
  <system-out><![CDATA[]]></system-out>
  <system-err><![CDATA[]]></system-err>
</testsuite>
