<?xml version="1.0" encoding="UTF-8"?>
<testsuite name="math.shapes.TestRectangle" tests="3" skipped="0" failures="0" errors="0" timestamp="2020-10-02T13:15:20" hostname="santhosh" time="0.003">
  <properties/>
  <testcase name="shouldCalculateAreaOfRectangle()" classname="math.shapes.TestRectangle" time="0.001"/>
  <testcase name="shouldCalculatePerimeterOfRectangle()" classname="math.shapes.TestRectangle" time="0.0"/>
  <testcase name="shouldDisplayDetails()" classname="math.shapes.TestRectangle" time="0.001"/>
  <system-out><![CDATA[]]></system-out>
  <system-err><![CDATA[]]></system-err>
</testsuite>
