<?xml version="1.0" encoding="UTF-8"?>
<testsuite name="coin.ChanceTest" tests="4" skipped="0" failures="0" errors="0" timestamp="2020-10-02T13:15:20" hostname="santhosh" time="0.003">
  <properties/>
  <testcase name="shouldFindTheUnionOfTwoChances()" classname="coin.ChanceTest" time="0.001"/>
  <testcase name="shouldValidateWhenTwoObjectsAreEqual()" classname="coin.ChanceTest" time="0.001"/>
  <testcase name="chanceShouldBeComplemented()" classname="coin.ChanceTest" time="0.0"/>
  <testcase name="shouldCombineTwoChances()" classname="coin.ChanceTest" time="0.0"/>
  <system-out><![CDATA[]]></system-out>
  <system-err><![CDATA[]]></system-err>
</testsuite>
